<!DOCTYPE html PUBLIC "-//W3C//DTD XHTML 1.1//EN" "http://www.w3.org/TR/xhtml11/DTD/xhtml11.dtd">
<html xmlns="http://www.w3.org/1999/xhtml"><head><title>TestNG Report</title><style type="text/css">table {margin-bottom:10px;border-collapse:collapse;empty-cells:show}th,td {border:1px solid #009;padding:.25em .5em}th {vertical-align:bottom}td {vertical-align:top}table a {font-weight:bold}.stripe td {background-color: #E6EBF9}.num {text-align:right}.passedodd td {background-color: #3F3}.passedeven td {background-color: #0A0}.skippedodd td {background-color: #DDD}.skippedeven td {background-color: #CCC}.failedodd td,.attn {background-color: #F33}.failedeven td,.stripe .attn {background-color: #D00}.stacktrace {white-space:pre;font-family:monospace}.totop {font-size:85%;text-align:center;border-bottom:2px solid #000}</style></head><body><table><tr><th>Test</th><th># Passed</th><th># Skipped</th><th># Failed</th><th>Time (ms)</th><th>Included Groups</th><th>Excluded Groups</th></tr><tr><th colspan="7">Default suite</th></tr><tr><td><a href="#t0">Default test</a></td><td class="num">14</td><td class="num">0</td><td class="num attn">1</td><td class="num">638,603</td><td></td><td></td></tr></table><table><thead><tr><th>Class</th><th>Method</th><th>Start</th><th>Time (ms)</th></tr></thead><tbody><tr><th colspan="4">Default suite</th></tr></tbody><tbody id="t0"><tr><th colspan="4">Default test &#8212; failed</th></tr><tr class="failedeven"><td rowspan="1">test.engine.cpadTestExtLoop</td><td><a href="#m0">testOrder</a></td><td rowspan="1">1454444050814</td><td rowspan="1">52799</td></tr><tr><th colspan="4">Default test &#8212; passed</th></tr><tr class="passedeven"><td rowspan="14">test.engine.cpadTestExtLoop</td><td><a href="#m1">testOrder</a></td><td rowspan="14">1454444007637</td><td rowspan="14">43157</td></tr><tr class="passedeven"><td><a href="#m2">testOrder</a></td></tr><tr class="passedeven"><td><a href="#m3">testOrder</a></td></tr><tr class="passedeven"><td><a href="#m4">testOrder</a></td></tr><tr class="passedeven"><td><a href="#m5">testOrder</a></td></tr><tr class="passedeven"><td><a href="#m6">testOrder</a></td></tr><tr class="passedeven"><td><a href="#m7">testOrder</a></td></tr><tr class="passedeven"><td><a href="#m8">testOrder</a></td></tr><tr class="passedeven"><td><a href="#m9">testOrder</a></td></tr><tr class="passedeven"><td><a href="#m10">testOrder</a></td></tr><tr class="passedeven"><td><a href="#m11">testOrder</a></td></tr><tr class="passedeven"><td><a href="#m12">testOrder</a></td></tr><tr class="passedeven"><td><a href="#m13">testOrder</a></td></tr><tr class="passedeven"><td><a href="#m14">testOrder</a></td></tr></tbody></table><h2>Default test</h2><h3 id="m0">test.engine.cpadTestExtLoop#testOrder</h3><table class="result"><tr><th>Exception</th></tr><tr><td><div class="stacktrace">java.lang.AssertionError:     Result: FAILED
 expected [true] but found [false]
	at org.testng.Assert.fail(Assert.java:94)
	at org.testng.Assert.failNotEquals(Assert.java:494)
	at org.testng.Assert.assertTrue(Assert.java:42)
	at test.helper.Functions.xmlAnlyzer(Functions.java:1064)
	at test.engine.cpadTestExtLoop.testOrder(cpadTestExtLoop.java:33)
	at sun.reflect.NativeMethodAccessorImpl.invoke0(Native Method)
	at sun.reflect.NativeMethodAccessorImpl.invoke(Unknown Source)
	at sun.reflect.DelegatingMethodAccessorImpl.invoke(Unknown Source)
	at java.lang.reflect.Method.invoke(Unknown Source)
	at org.testng.internal.MethodInvocationHelper.invokeMethod(MethodInvocationHelper.java:84)
	at org.testng.internal.Invoker.invokeMethod(Invoker.java:714)
	at org.testng.internal.Invoker.invokeTestMethod(Invoker.java:901)
	at org.testng.internal.Invoker.invokeTestMethods(Invoker.java:1231)
	at org.testng.internal.TestMethodWorker.invokeTestMethods(TestMethodWorker.java:127)
	at org.testng.internal.TestMethodWorker.run(TestMethodWorker.java:111)
	at org.testng.TestRunner.privateRun(TestRunner.java:767)
	at org.testng.TestRunner.run(TestRunner.java:617)
	at org.testng.SuiteRunner.runTest(SuiteRunner.java:334)
	at org.testng.SuiteRunner.runSequentially(SuiteRunner.java:329)
	at org.testng.SuiteRunner.privateRun(SuiteRunner.java:291)
	at org.testng.SuiteRunner.run(SuiteRunner.java:240)
	at org.testng.SuiteRunnerWorker.runSuite(SuiteRunnerWorker.java:52)
	at org.testng.SuiteRunnerWorker.run(SuiteRunnerWorker.java:86)
	at org.testng.TestNG.runSuitesSequentially(TestNG.java:1224)
	at org.testng.TestNG.runSuitesLocally(TestNG.java:1149)
	at org.testng.TestNG.run(TestNG.java:1057)
	at org.testng.remote.RemoteTestNG.run(RemoteTestNG.java:115)
	at org.testng.remote.RemoteTestNG.initAndRun(RemoteTestNG.java:207)
	at org.testng.remote.RemoteTestNG.main(RemoteTestNG.java:178)
</div></td></tr></table><p class="totop"><a href="#summary">back to summary</a></p><h3 id="m1">test.engine.cpadTestExtLoop#testOrder</h3><table class="result"></table><p class="totop"><a href="#summary">back to summary</a></p><h3 id="m2">test.engine.cpadTestExtLoop#testOrder</h3><table class="result"></table><p class="totop"><a href="#summary">back to summary</a></p><h3 id="m3">test.engine.cpadTestExtLoop#testOrder</h3><table class="result"></table><p class="totop"><a href="#summary">back to summary</a></p><h3 id="m4">test.engine.cpadTestExtLoop#testOrder</h3><table class="result"></table><p class="totop"><a href="#summary">back to summary</a></p><h3 id="m5">test.engine.cpadTestExtLoop#testOrder</h3><table class="result"></table><p class="totop"><a href="#summary">back to summary</a></p><h3 id="m6">test.engine.cpadTestExtLoop#testOrder</h3><table class="result"></table><p class="totop"><a href="#summary">back to summary</a></p><h3 id="m7">test.engine.cpadTestExtLoop#testOrder</h3><table class="result"></table><p class="totop"><a href="#summary">back to summary</a></p><h3 id="m8">test.engine.cpadTestExtLoop#testOrder</h3><table class="result"></table><p class="totop"><a href="#summary">back to summary</a></p><h3 id="m9">test.engine.cpadTestExtLoop#testOrder</h3><table class="result"></table><p class="totop"><a href="#summary">back to summary</a></p><h3 id="m10">test.engine.cpadTestExtLoop#testOrder</h3><table class="result"></table><p class="totop"><a href="#summary">back to summary</a></p><h3 id="m11">test.engine.cpadTestExtLoop#testOrder</h3><table class="result"></table><p class="totop"><a href="#summary">back to summary</a></p><h3 id="m12">test.engine.cpadTestExtLoop#testOrder</h3><table class="result"></table><p class="totop"><a href="#summary">back to summary</a></p><h3 id="m13">test.engine.cpadTestExtLoop#testOrder</h3><table class="result"></table><p class="totop"><a href="#summary">back to summary</a></p><h3 id="m14">test.engine.cpadTestExtLoop#testOrder</h3><table class="result"></table><p class="totop"><a href="#summary">back to summary</a></p></body></html>